<?xml version="1.0" encoding="UTF-8"?>
<!-- Generated by org.testng.reporters.JUnitReportReporter -->
<testsuite hostname="DESKTOP-J1CFD8O" failures="0" tests="1" name="test.NaaptolHomeTest" time="16.561" errors="0" timestamp="2024-12-22T21:00:06 IST" skipped="0">
  <testcase classname="test.NaaptolHomeTest" name="verifyProductDetailsInNewTab" time="16.561"/>
</testsuite> <!-- test.NaaptolHomeTest -->
