<?xml version="1.0" encoding="UTF-8"?>
<!-- Generated by org.testng.reporters.JUnitReportReporter -->
<testsuite hostname="DESKTOP-J1CFD8O" failures="0" tests="2" name="test.NaaptolSearchTest" time="47.759" errors="0" timestamp="2024-12-08T18:43:36 IST" skipped="0">
  <testcase classname="test.NaaptolSearchTest" name="VerifyIfUserIsAbleToPerformValidSearch" time="21.614"/>
  <testcase classname="test.NaaptolSearchTest" name="VerifyIfUserIsAbleToPerformInValidSearch" time="26.145"/>
</testsuite> <!-- test.NaaptolSearchTest -->
