<?xml version="1.0" encoding="UTF-8"?>
<!-- Generated by org.testng.reporters.JUnitReportReporter -->
<testsuite hostname="DESKTOP-J1CFD8O" failures="0" tests="1" name="test.NaaptolHomeTest" time="15.709" errors="0" timestamp="2024-12-22T17:43:55 IST" skipped="0">
  <testcase classname="test.NaaptolHomeTest" name="verifyProductDetailsInNewTab" time="15.709"/>
</testsuite> <!-- test.NaaptolHomeTest -->
