<?xml version="1.0" encoding="UTF-8"?>
<!-- Generated by org.testng.reporters.JUnitReportReporter -->
<testsuite hostname="DESKTOP-J1CFD8O" failures="0" tests="1" name="test.NaaptolHomeTest" time="23.692" errors="0" timestamp="2024-12-08T19:47:35 IST" skipped="0">
  <testcase classname="test.NaaptolHomeTest" name="VerifySortFeature" time="23.692"/>
</testsuite> <!-- test.NaaptolHomeTest -->
