<?xml version="1.0" encoding="UTF-8"?>
<!-- Generated by org.testng.reporters.JUnitReportReporter -->
<testsuite hostname="DESKTOP-J1CFD8O" failures="0" tests="1" name="test.NaaptolHomeTest" time="59.684" errors="0" timestamp="2024-12-21T09:40:10 IST" skipped="0">
  <testcase classname="test.NaaptolHomeTest" name="verifyOnClickingShoppingCategories" time="59.684"/>
</testsuite> <!-- test.NaaptolHomeTest -->
