<?xml version="1.0" encoding="UTF-8"?>
<!-- Generated by org.testng.reporters.JUnitReportReporter -->
<testsuite hostname="DESKTOP-J1CFD8O" failures="0" tests="5" name="test.NaaptolCartTest" time="219.273" errors="0" timestamp="2024-12-08T18:43:36 IST" skipped="0">
  <testcase classname="test.NaaptolCartTest" name="VerifyAddProductToCartUsingQuickView" time="19.956"/>
  <testcase classname="test.NaaptolCartTest" name="VerifyAddingMultipleProductToCart" time="33.141"/>
  <testcase classname="test.NaaptolCartTest" name="VerifyRemovingProductFromProduct" time="43.030"/>
  <testcase classname="test.NaaptolCartTest" name="VerifyOnChangingProductQuantityCorrectAmountIsDisplayed" time="72.913"/>
  <testcase classname="test.NaaptolCartTest" name="VerifyTotalAmountForMultipleProductInCart" time="50.233"/>
</testsuite> <!-- test.NaaptolCartTest -->
