<?xml version="1.0" encoding="UTF-8"?>
<!-- Generated by org.testng.reporters.JUnitReportReporter -->
<testsuite hostname="DESKTOP-J1CFD8O" failures="0" tests="1" name="test.NaaptolLoginTest" time="17.038" errors="0" timestamp="2024-11-30T11:15:58 IST" skipped="0">
  <testcase classname="test.NaaptolLoginTest" name="VerifyIfUserIsAbleToLoginWithValidCredentials" time="17.038"/>
</testsuite> <!-- test.NaaptolLoginTest -->
