<?xml version="1.0" encoding="UTF-8"?>
<!-- Generated by org.testng.reporters.JUnitReportReporter -->
<testsuite hostname="DESKTOP-J1CFD8O" failures="0" tests="1" name="test.NaaptolCartTest" time="28.066" errors="0" timestamp="2024-12-22T17:36:43 IST" skipped="0">
  <testcase classname="test.NaaptolCartTest" name="verifyOnChangingProductQuantityCorrectAmountIsDisplayed" time="28.066"/>
</testsuite> <!-- test.NaaptolCartTest -->
