<?xml version="1.0" encoding="UTF-8"?>
<!-- Generated by org.testng.reporters.JUnitReportReporter -->
<testsuite hostname="DESKTOP-J1CFD8O" failures="0" tests="1" name="test.ProductDetailTest" time="14.621" errors="0" timestamp="2024-12-22T21:02:45 IST" skipped="0">
  <testcase classname="test.ProductDetailTest" name="verifyAddToCartUsingProductDetailPage" time="14.621"/>
</testsuite> <!-- test.ProductDetailTest -->
