<?xml version="1.0" encoding="UTF-8"?>
<!-- Generated by org.testng.reporters.JUnitReportReporter -->
<testsuite hostname="DESKTOP-J1CFD8O" failures="0" tests="1" name="test.ProductDetailTest" time="19.966" errors="0" timestamp="2024-12-08T18:43:36 IST" skipped="0">
  <testcase classname="test.ProductDetailTest" name="VerifyAddToCartUsingProductDetailPage" time="19.966"/>
</testsuite> <!-- test.ProductDetailTest -->
